[debug] [2018-04-17T19:15:42.881Z] ----------------------------------------------------------------------
[debug] [2018-04-17T19:15:42.885Z] Command:       /usr/local/Cellar/node/9.8.0/bin/node /usr/local/bin/firebase serve --only hosting
[debug] [2018-04-17T19:15:42.885Z] CLI Version:   3.18.4
[debug] [2018-04-17T19:15:42.885Z] Platform:      darwin
[debug] [2018-04-17T19:15:42.885Z] Node Version:  v9.8.0
[debug] [2018-04-17T19:15:42.886Z] Time:          Tue Apr 17 2018 21:15:42 GMT+0200 (SAST)
[debug] [2018-04-17T19:15:42.887Z] ----------------------------------------------------------------------
[debug] 
[debug] [2018-04-17T19:15:42.904Z] > command requires scopes: ["email","openid","https://www.googleapis.com/auth/cloudplatformprojects.readonly","https://www.googleapis.com/auth/firebase","https://www.googleapis.com/auth/cloud-platform"]
[debug] [2018-04-17T19:15:42.905Z] > authorizing via signed-in user
[debug] [2018-04-17T19:15:42.908Z] >>> HTTP REQUEST GET https://admin.firebase.com/v1/projects/luuk-stellenbosch-experience  
  
 Tue Apr 17 2018 21:15:42 GMT+0200 (SAST)
[debug] [2018-04-17T19:15:44.753Z] <<< HTTP RESPONSE 200
[debug] [2018-04-17T19:15:44.755Z] >>> HTTP REQUEST GET https://admin.firebase.com/v1/database/luuk-stellenbosch-experience/tokens  
  
 Tue Apr 17 2018 21:15:44 GMT+0200 (SAST)
[debug] [2018-04-17T19:15:45.983Z] <<< HTTP RESPONSE 200
[debug] [2018-04-17T19:15:45.985Z] >>> HTTP REQUEST GET https://cloudresourcemanager.googleapis.com/v1/projects/luuk-stellenbosch-experience  
  
 Tue Apr 17 2018 21:15:45 GMT+0200 (SAST)
[debug] [2018-04-17T19:15:47.905Z] <<< HTTP RESPONSE 200
[info] 
[info] === Serving from '/Users/luukschagen/Documents/Projecten/Website'...
[info] 
[debug] [2018-04-17T19:15:47.909Z] >>> HTTP REQUEST GET https://mobilesdk-pa.googleapis.com/v1/projects/303921280364/clients/_:getWebAppConfig  
  
 Tue Apr 17 2018 21:15:47 GMT+0200 (SAST)
[debug] [2018-04-17T19:15:49.090Z] <<< HTTP RESPONSE 200
[info] i  hosting: Serving hosting files from: public
[info] ✔  hosting: Local server: http://localhost:5000

